<?xml version="1.0" encoding="UTF-8"?>
<coverage generated="1536250211442" clover="3.2.0">
  <project timestamp="1536250211443" name="All files">
    <metrics statements="74" coveredstatements="33" conditionals="26" coveredconditionals="10" methods="27" coveredmethods="8" elements="127" coveredelements="51" complexity="0" loc="74" ncloc="74" packages="12" files="20" classes="20">
      <package name="components">
        <metrics statements="0" coveredstatements="0" conditionals="0" coveredconditionals="0" methods="0" coveredmethods="0"/>
        <file name="index.js" path="/Users/pavel/Dropbox/Code/Projects/AmberScript/src/components/index.js">
          <metrics statements="0" coveredstatements="0" conditionals="0" coveredconditionals="0" methods="0" coveredmethods="0"/>
        </file>
      </package>
      <package name="components.Content">
        <metrics statements="17" coveredstatements="8" conditionals="9" coveredconditionals="4" methods="4" coveredmethods="1"/>
        <file name="Content.js" path="/Users/pavel/Dropbox/Code/Projects/AmberScript/src/components/Content/Content.js">
          <metrics statements="17" coveredstatements="8" conditionals="9" coveredconditionals="4" methods="4" coveredmethods="1"/>
          <line num="17" count="0" type="stmt"/>
          <line num="23" count="0" type="stmt"/>
          <line num="29" count="0" type="stmt"/>
          <line num="30" count="0" type="stmt"/>
          <line num="31" count="0" type="stmt"/>
          <line num="35" count="5" type="stmt"/>
          <line num="36" count="5" type="stmt"/>
          <line num="38" count="5" type="cond" truecount="1" falsecount="2"/>
          <line num="40" count="5" type="cond" truecount="2" falsecount="0"/>
          <line num="45" count="5" type="stmt"/>
          <line num="47" count="0" type="cond" truecount="0" falsecount="2"/>
          <line num="57" count="0" type="stmt"/>
          <line num="59" count="0" type="stmt"/>
          <line num="62" count="5" type="cond" truecount="1" falsecount="1"/>
          <line num="63" count="0" type="stmt"/>
          <line num="66" count="5" type="stmt"/>
          <line num="74" count="2" type="stmt"/>
        </file>
        <file name="index.js" path="/Users/pavel/Dropbox/Code/Projects/AmberScript/src/components/Content/index.js">
          <metrics statements="0" coveredstatements="0" conditionals="0" coveredconditionals="0" methods="0" coveredmethods="0"/>
        </file>
      </package>
      <package name="components.Header">
        <metrics statements="1" coveredstatements="1" conditionals="0" coveredconditionals="0" methods="1" coveredmethods="1"/>
        <file name="Header.js" path="/Users/pavel/Dropbox/Code/Projects/AmberScript/src/components/Header/Header.js">
          <metrics statements="1" coveredstatements="1" conditionals="0" coveredconditionals="0" methods="1" coveredmethods="1"/>
          <line num="8" count="2" type="stmt"/>
        </file>
        <file name="index.js" path="/Users/pavel/Dropbox/Code/Projects/AmberScript/src/components/Header/index.js">
          <metrics statements="0" coveredstatements="0" conditionals="0" coveredconditionals="0" methods="0" coveredmethods="0"/>
        </file>
      </package>
      <package name="components.Item">
        <metrics statements="10" coveredstatements="1" conditionals="2" coveredconditionals="0" methods="6" coveredmethods="0"/>
        <file name="Item.js" path="/Users/pavel/Dropbox/Code/Projects/AmberScript/src/components/Item/Item.js">
          <metrics statements="10" coveredstatements="1" conditionals="2" coveredconditionals="0" methods="6" coveredmethods="0"/>
          <line num="14" count="0" type="stmt"/>
          <line num="20" count="0" type="stmt"/>
          <line num="21" count="0" type="stmt"/>
          <line num="22" count="0" type="stmt"/>
          <line num="31" count="0" type="stmt"/>
          <line num="37" count="0" type="stmt"/>
          <line num="38" count="0" type="stmt"/>
          <line num="40" count="0" type="stmt"/>
          <line num="47" count="0" type="stmt"/>
          <line num="79" count="2" type="stmt"/>
        </file>
        <file name="index.js" path="/Users/pavel/Dropbox/Code/Projects/AmberScript/src/components/Item/index.js">
          <metrics statements="0" coveredstatements="0" conditionals="0" coveredconditionals="0" methods="0" coveredmethods="0"/>
        </file>
      </package>
      <package name="components.Layout">
        <metrics statements="4" coveredstatements="4" conditionals="0" coveredconditionals="0" methods="2" coveredmethods="2"/>
        <file name="Layout.js" path="/Users/pavel/Dropbox/Code/Projects/AmberScript/src/components/Layout/Layout.js">
          <metrics statements="4" coveredstatements="4" conditionals="0" coveredconditionals="0" methods="2" coveredmethods="2"/>
          <line num="11" count="2" type="stmt"/>
          <line num="15" count="2" type="stmt"/>
          <line num="16" count="2" type="stmt"/>
          <line num="29" count="2" type="stmt"/>
        </file>
        <file name="index.js" path="/Users/pavel/Dropbox/Code/Projects/AmberScript/src/components/Layout/index.js">
          <metrics statements="0" coveredstatements="0" conditionals="0" coveredconditionals="0" methods="0" coveredmethods="0"/>
        </file>
      </package>
      <package name="components.List">
        <metrics statements="5" coveredstatements="4" conditionals="0" coveredconditionals="0" methods="2" coveredmethods="1"/>
        <file name="List.js" path="/Users/pavel/Dropbox/Code/Projects/AmberScript/src/components/List/List.js">
          <metrics statements="5" coveredstatements="4" conditionals="0" coveredconditionals="0" methods="2" coveredmethods="1"/>
          <line num="8" count="2" type="stmt"/>
          <line num="9" count="4" type="stmt"/>
          <line num="10" count="4" type="stmt"/>
          <line num="19" count="0" type="stmt"/>
          <line num="27" count="2" type="stmt"/>
        </file>
        <file name="index.js" path="/Users/pavel/Dropbox/Code/Projects/AmberScript/src/components/List/index.js">
          <metrics statements="0" coveredstatements="0" conditionals="0" coveredconditionals="0" methods="0" coveredmethods="0"/>
        </file>
      </package>
      <package name="components.UI">
        <metrics statements="0" coveredstatements="0" conditionals="0" coveredconditionals="0" methods="0" coveredmethods="0"/>
        <file name="index.js" path="/Users/pavel/Dropbox/Code/Projects/AmberScript/src/components/UI/index.js">
          <metrics statements="0" coveredstatements="0" conditionals="0" coveredconditionals="0" methods="0" coveredmethods="0"/>
        </file>
      </package>
      <package name="components.UI.Button">
        <metrics statements="5" coveredstatements="5" conditionals="4" coveredconditionals="4" methods="1" coveredmethods="1"/>
        <file name="Button.js" path="/Users/pavel/Dropbox/Code/Projects/AmberScript/src/components/UI/Button/Button.js">
          <metrics statements="5" coveredstatements="5" conditionals="4" coveredconditionals="4" methods="1" coveredmethods="1"/>
          <line num="6" count="3" type="stmt"/>
          <line num="7" count="12" type="stmt"/>
          <line num="8" count="12" type="stmt"/>
          <line num="22" count="3" type="stmt"/>
          <line num="30" count="3" type="stmt"/>
        </file>
        <file name="index.js" path="/Users/pavel/Dropbox/Code/Projects/AmberScript/src/components/UI/Button/index.js">
          <metrics statements="0" coveredstatements="0" conditionals="0" coveredconditionals="0" methods="0" coveredmethods="0"/>
        </file>
      </package>
      <package name="components.UI.Spinner">
        <metrics statements="2" coveredstatements="2" conditionals="0" coveredconditionals="0" methods="1" coveredmethods="1"/>
        <file name="Spinner.js" path="/Users/pavel/Dropbox/Code/Projects/AmberScript/src/components/UI/Spinner/Spinner.js">
          <metrics statements="2" coveredstatements="2" conditionals="0" coveredconditionals="0" methods="1" coveredmethods="1"/>
          <line num="5" count="3" type="stmt"/>
          <line num="6" count="2" type="stmt"/>
        </file>
        <file name="index.js" path="/Users/pavel/Dropbox/Code/Projects/AmberScript/src/components/UI/Spinner/index.js">
          <metrics statements="0" coveredstatements="0" conditionals="0" coveredconditionals="0" methods="0" coveredmethods="0"/>
        </file>
      </package>
      <package name="components.UI.WaveSurfer">
        <metrics statements="20" coveredstatements="1" conditionals="6" coveredconditionals="0" methods="9" coveredmethods="0"/>
        <file name="WaveSurfer.js" path="/Users/pavel/Dropbox/Code/Projects/AmberScript/src/components/UI/WaveSurfer/WaveSurfer.js">
          <metrics statements="20" coveredstatements="1" conditionals="6" coveredconditionals="0" methods="9" coveredmethods="0"/>
          <line num="18" count="0" type="stmt"/>
          <line num="19" count="0" type="stmt"/>
          <line num="30" count="0" type="stmt"/>
          <line num="32" count="0" type="stmt"/>
          <line num="33" count="0" type="stmt"/>
          <line num="37" count="0" type="stmt"/>
          <line num="38" count="0" type="stmt"/>
          <line num="41" count="0" type="stmt"/>
          <line num="42" count="0" type="stmt"/>
          <line num="45" count="0" type="stmt"/>
          <line num="50" count="0" type="stmt"/>
          <line num="53" count="0" type="stmt"/>
          <line num="56" count="0" type="stmt"/>
          <line num="60" count="0" type="stmt"/>
          <line num="61" count="0" type="cond" truecount="0" falsecount="2"/>
          <line num="62" count="0" type="stmt"/>
          <line num="66" count="0" type="stmt"/>
          <line num="68" count="0" type="cond" truecount="0" falsecount="2"/>
          <line num="72" count="0" type="stmt"/>
          <line num="92" count="2" type="stmt"/>
        </file>
        <file name="index.js" path="/Users/pavel/Dropbox/Code/Projects/AmberScript/src/components/UI/WaveSurfer/index.js">
          <metrics statements="0" coveredstatements="0" conditionals="0" coveredconditionals="0" methods="0" coveredmethods="0"/>
        </file>
      </package>
      <package name="store">
        <metrics statements="3" coveredstatements="3" conditionals="0" coveredconditionals="0" methods="0" coveredmethods="0"/>
        <file name="constants.js" path="/Users/pavel/Dropbox/Code/Projects/AmberScript/src/store/constants.js">
          <metrics statements="3" coveredstatements="3" conditionals="0" coveredconditionals="0" methods="0" coveredmethods="0"/>
          <line num="1" count="1" type="stmt"/>
          <line num="2" count="1" type="stmt"/>
          <line num="3" count="1" type="stmt"/>
        </file>
      </package>
      <package name="store.reducers">
        <metrics statements="7" coveredstatements="4" conditionals="5" coveredconditionals="2" methods="1" coveredmethods="1"/>
        <file name="reducer.js" path="/Users/pavel/Dropbox/Code/Projects/AmberScript/src/store/reducers/reducer.js">
          <metrics statements="7" coveredstatements="4" conditionals="5" coveredconditionals="2" methods="1" coveredmethods="1"/>
          <line num="3" count="1" type="stmt"/>
          <line num="9" count="1" type="cond" truecount="1" falsecount="0"/>
          <line num="10" count="1" type="cond" truecount="1" falsecount="3"/>
          <line num="12" count="0" type="stmt"/>
          <line num="14" count="0" type="stmt"/>
          <line num="21" count="0" type="stmt"/>
          <line num="23" count="1" type="stmt"/>
        </file>
      </package>
    </metrics>
  </project>
</coverage>
