{"/Users/pavel/Dropbox/Code/Projects/AmberScript/src/components/index.js": {"path":"/Users/pavel/Dropbox/Code/Projects/AmberScript/src/components/index.js","statementMap":{},"fnMap":{},"branchMap":{},"s":{},"f":{},"b":{},"_coverageSchema":"332fd63041d2c1bcb487cc26dd0d5f7d97098a6c","hash":"5109c1531d1673de4e87abe43d26d2445e883fa0"}
,"/Users/pavel/Dropbox/Code/Projects/AmberScript/src/components/Content/Content.js": {"path":"/Users/pavel/Dropbox/Code/Projects/AmberScript/src/components/Content/Content.js","statementMap":{"0":{"start":{"line":17,"column":4},"end":{"line":19,"column":6}},"1":{"start":{"line":23,"column":4},"end":{"line":25,"column":6}},"2":{"start":{"line":29,"column":17},"end":{"line":29,"column":63}},"3":{"start":{"line":30,"column":15},"end":{"line":30,"column":69}},"4":{"start":{"line":31,"column":4},"end":{"line":31,"column":45}},"5":{"start":{"line":35,"column":21},"end":{"line":35,"column":31}},"6":{"start":{"line":36,"column":42},"end":{"line":36,"column":52}},"7":{"start":{"line":38,"column":4},"end":{"line":60,"column":5}},"8":{"start":{"line":40,"column":8},"end":{"line":44,"column":9}},"9":{"start":{"line":45,"column":8},"end":{"line":45,"column":13}},"10":{"start":{"line":47,"column":8},"end":{"line":56,"column":9}},"11":{"start":{"line":57,"column":8},"end":{"line":57,"column":13}},"12":{"start":{"line":59,"column":8},"end":{"line":59,"column":13}},"13":{"start":{"line":62,"column":4},"end":{"line":64,"column":5}},"14":{"start":{"line":63,"column":6},"end":{"line":63,"column":62}},"15":{"start":{"line":66,"column":4},"end":{"line":70,"column":5}},"16":{"start":{"line":74,"column":0},"end":{"line":79,"column":1}}},"fnMap":{"0":{"name":"(anonymous_0)","decl":{"start":{"line":16,"column":26},"end":{"line":16,"column":27}},"loc":{"start":{"line":16,"column":32},"end":{"line":20,"column":3}},"line":16},"1":{"name":"(anonymous_1)","decl":{"start":{"line":22,"column":24},"end":{"line":22,"column":25}},"loc":{"start":{"line":22,"column":30},"end":{"line":26,"column":3}},"line":22},"2":{"name":"(anonymous_2)","decl":{"start":{"line":28,"column":22},"end":{"line":28,"column":23}},"loc":{"start":{"line":28,"column":28},"end":{"line":32,"column":3}},"line":28},"3":{"name":"(anonymous_3)","decl":{"start":{"line":34,"column":2},"end":{"line":34,"column":3}},"loc":{"start":{"line":34,"column":11},"end":{"line":71,"column":3}},"line":34}},"branchMap":{"0":{"loc":{"start":{"line":38,"column":4},"end":{"line":60,"column":5}},"type":"switch","locations":[{"start":{"line":39,"column":6},"end":{"line":45,"column":13}},{"start":{"line":46,"column":6},"end":{"line":57,"column":13}},{"start":{"line":58,"column":6},"end":{"line":59,"column":13}}],"line":38},"1":{"loc":{"start":{"line":40,"column":18},"end":{"line":44,"column":9}},"type":"cond-expr","locations":[{"start":{"line":41,"column":10},"end":{"line":41,"column":21}},{"start":{"line":43,"column":10},"end":{"line":43,"column":73}}],"line":40},"2":{"loc":{"start":{"line":47,"column":18},"end":{"line":56,"column":9}},"type":"cond-expr","locations":[{"start":{"line":48,"column":10},"end":{"line":48,"column":21}},{"start":{"line":50,"column":10},"end":{"line":55,"column":12}}],"line":47},"3":{"loc":{"start":{"line":62,"column":4},"end":{"line":64,"column":5}},"type":"if","locations":[{"start":{"line":62,"column":4},"end":{"line":64,"column":5}},{"start":{"line":62,"column":4},"end":{"line":64,"column":5}}],"line":62}},"s":{"0":0,"1":0,"2":0,"3":0,"4":0,"5":5,"6":5,"7":5,"8":5,"9":5,"10":0,"11":0,"12":0,"13":5,"14":0,"15":5,"16":2},"f":{"0":0,"1":0,"2":0,"3":5},"b":{"0":[5,0,0],"1":[1,4],"2":[0,0],"3":[0,5]},"_coverageSchema":"332fd63041d2c1bcb487cc26dd0d5f7d97098a6c","hash":"734aee80fce48353ab52b117b1ff8d3dbc12354f"}
,"/Users/pavel/Dropbox/Code/Projects/AmberScript/src/components/Content/index.js": {"path":"/Users/pavel/Dropbox/Code/Projects/AmberScript/src/components/Content/index.js","statementMap":{},"fnMap":{},"branchMap":{},"s":{},"f":{},"b":{},"_coverageSchema":"332fd63041d2c1bcb487cc26dd0d5f7d97098a6c","hash":"0b5095dcae1440bb7d6490ca5ce59247d943605d"}
,"/Users/pavel/Dropbox/Code/Projects/AmberScript/src/components/Header/Header.js": {"path":"/Users/pavel/Dropbox/Code/Projects/AmberScript/src/components/Header/Header.js","statementMap":{"0":{"start":{"line":8,"column":4},"end":{"line":20,"column":5}}},"fnMap":{"0":{"name":"(anonymous_0)","decl":{"start":{"line":7,"column":2},"end":{"line":7,"column":3}},"loc":{"start":{"line":7,"column":11},"end":{"line":21,"column":3}},"line":7}},"branchMap":{},"s":{"0":2},"f":{"0":2},"b":{},"_coverageSchema":"332fd63041d2c1bcb487cc26dd0d5f7d97098a6c","hash":"b6624b25ec8abaf83f5569a77c6930780db14534"}
,"/Users/pavel/Dropbox/Code/Projects/AmberScript/src/components/Header/index.js": {"path":"/Users/pavel/Dropbox/Code/Projects/AmberScript/src/components/Header/index.js","statementMap":{},"fnMap":{},"branchMap":{},"s":{},"f":{},"b":{},"_coverageSchema":"332fd63041d2c1bcb487cc26dd0d5f7d97098a6c","hash":"b5e3b5c3373f80d7ef397c0d920f55451243c84a"}
,"/Users/pavel/Dropbox/Code/Projects/AmberScript/src/components/Item/Item.js": {"path":"/Users/pavel/Dropbox/Code/Projects/AmberScript/src/components/Item/Item.js","statementMap":{"0":{"start":{"line":14,"column":4},"end":{"line":16,"column":6}},"1":{"start":{"line":20,"column":52},"end":{"line":20,"column":62}},"2":{"start":{"line":21,"column":28},"end":{"line":21,"column":38}},"3":{"start":{"line":22,"column":4},"end":{"line":75,"column":5}},"4":{"start":{"line":31,"column":34},"end":{"line":31,"column":57}},"5":{"start":{"line":37,"column":28},"end":{"line":39,"column":16}},"6":{"start":{"line":38,"column":16},"end":{"line":38,"column":27}},"7":{"start":{"line":40,"column":14},"end":{"line":63,"column":15}},"8":{"start":{"line":47,"column":20},"end":{"line":60,"column":21}},"9":{"start":{"line":79,"column":0},"end":{"line":84,"column":1}}},"fnMap":{"0":{"name":"(anonymous_0)","decl":{"start":{"line":13,"column":17},"end":{"line":13,"column":18}},"loc":{"start":{"line":13,"column":25},"end":{"line":17,"column":3}},"line":13},"1":{"name":"(anonymous_1)","decl":{"start":{"line":19,"column":2},"end":{"line":19,"column":3}},"loc":{"start":{"line":19,"column":11},"end":{"line":76,"column":3}},"line":19},"2":{"name":"(anonymous_2)","decl":{"start":{"line":31,"column":26},"end":{"line":31,"column":27}},"loc":{"start":{"line":31,"column":34},"end":{"line":31,"column":57}},"line":31},"3":{"name":"(anonymous_3)","decl":{"start":{"line":36,"column":31},"end":{"line":36,"column":32}},"loc":{"start":{"line":36,"column":51},"end":{"line":64,"column":13}},"line":36},"4":{"name":"(anonymous_4)","decl":{"start":{"line":37,"column":46},"end":{"line":37,"column":47}},"loc":{"start":{"line":37,"column":54},"end":{"line":39,"column":15}},"line":37},"5":{"name":"(anonymous_5)","decl":{"start":{"line":46,"column":29},"end":{"line":46,"column":30}},"loc":{"start":{"line":46,"column":46},"end":{"line":61,"column":19}},"line":46}},"branchMap":{"0":{"loc":{"start":{"line":53,"column":28},"end":{"line":53,"column":76}},"type":"cond-expr","locations":[{"start":{"line":53,"column":55},"end":{"line":53,"column":69}},{"start":{"line":53,"column":72},"end":{"line":53,"column":76}}],"line":53}},"s":{"0":0,"1":0,"2":0,"3":0,"4":0,"5":0,"6":0,"7":0,"8":0,"9":2},"f":{"0":0,"1":0,"2":0,"3":0,"4":0,"5":0},"b":{"0":[0,0]},"_coverageSchema":"332fd63041d2c1bcb487cc26dd0d5f7d97098a6c","hash":"f2eda6062afb9f71064143ba4bf3299a54996ce8"}
,"/Users/pavel/Dropbox/Code/Projects/AmberScript/src/components/Item/index.js": {"path":"/Users/pavel/Dropbox/Code/Projects/AmberScript/src/components/Item/index.js","statementMap":{},"fnMap":{},"branchMap":{},"s":{},"f":{},"b":{},"_coverageSchema":"332fd63041d2c1bcb487cc26dd0d5f7d97098a6c","hash":"d89ffa406d6a5e85428cb4423627f28864022e54"}
,"/Users/pavel/Dropbox/Code/Projects/AmberScript/src/components/Layout/Layout.js": {"path":"/Users/pavel/Dropbox/Code/Projects/AmberScript/src/components/Layout/Layout.js","statementMap":{"0":{"start":{"line":11,"column":4},"end":{"line":11,"column":26}},"1":{"start":{"line":15,"column":40},"end":{"line":15,"column":50}},"2":{"start":{"line":16,"column":4},"end":{"line":25,"column":5}},"3":{"start":{"line":29,"column":0},"end":{"line":35,"column":1}}},"fnMap":{"0":{"name":"(anonymous_0)","decl":{"start":{"line":10,"column":23},"end":{"line":10,"column":24}},"loc":{"start":{"line":10,"column":29},"end":{"line":12,"column":3}},"line":10},"1":{"name":"(anonymous_1)","decl":{"start":{"line":14,"column":2},"end":{"line":14,"column":3}},"loc":{"start":{"line":14,"column":11},"end":{"line":26,"column":3}},"line":14}},"branchMap":{},"s":{"0":2,"1":2,"2":2,"3":2},"f":{"0":2,"1":2},"b":{},"_coverageSchema":"332fd63041d2c1bcb487cc26dd0d5f7d97098a6c","hash":"7e0fd3e22b721fa91065b3a4c726ee7674aa4833"}
,"/Users/pavel/Dropbox/Code/Projects/AmberScript/src/components/Layout/index.js": {"path":"/Users/pavel/Dropbox/Code/Projects/AmberScript/src/components/Layout/index.js","statementMap":{},"fnMap":{},"branchMap":{},"s":{},"f":{},"b":{},"_coverageSchema":"332fd63041d2c1bcb487cc26dd0d5f7d97098a6c","hash":"6023a24d24289df8cd4cc87fb29a10e026c57bcd"}
,"/Users/pavel/Dropbox/Code/Projects/AmberScript/src/components/List/List.js": {"path":"/Users/pavel/Dropbox/Code/Projects/AmberScript/src/components/List/List.js","statementMap":{"0":{"start":{"line":8,"column":13},"end":{"line":25,"column":1}},"1":{"start":{"line":9,"column":34},"end":{"line":9,"column":39}},"2":{"start":{"line":10,"column":2},"end":{"line":24,"column":3}},"3":{"start":{"line":19,"column":33},"end":{"line":19,"column":55}},"4":{"start":{"line":27,"column":0},"end":{"line":30,"column":1}}},"fnMap":{"0":{"name":"(anonymous_0)","decl":{"start":{"line":8,"column":13},"end":{"line":8,"column":14}},"loc":{"start":{"line":8,"column":22},"end":{"line":25,"column":1}},"line":8},"1":{"name":"(anonymous_1)","decl":{"start":{"line":19,"column":27},"end":{"line":19,"column":28}},"loc":{"start":{"line":19,"column":33},"end":{"line":19,"column":55}},"line":19}},"branchMap":{},"s":{"0":2,"1":4,"2":4,"3":0,"4":2},"f":{"0":4,"1":0},"b":{},"_coverageSchema":"332fd63041d2c1bcb487cc26dd0d5f7d97098a6c","hash":"ebe9891a283a1badcbbb5c06c54782b2af217b15"}
,"/Users/pavel/Dropbox/Code/Projects/AmberScript/src/components/List/index.js": {"path":"/Users/pavel/Dropbox/Code/Projects/AmberScript/src/components/List/index.js","statementMap":{},"fnMap":{},"branchMap":{},"s":{},"f":{},"b":{},"_coverageSchema":"332fd63041d2c1bcb487cc26dd0d5f7d97098a6c","hash":"62e56cf18cb6dba9b76f018c620af3241b5ef2af"}
,"/Users/pavel/Dropbox/Code/Projects/AmberScript/src/components/UI/index.js": {"path":"/Users/pavel/Dropbox/Code/Projects/AmberScript/src/components/UI/index.js","statementMap":{},"fnMap":{},"branchMap":{},"s":{},"f":{},"b":{},"_coverageSchema":"332fd63041d2c1bcb487cc26dd0d5f7d97098a6c","hash":"60ed8bb610e0c0a6d9b9a2d708c8207a4de18f3a"}
,"/Users/pavel/Dropbox/Code/Projects/AmberScript/src/components/UI/Button/Button.js": {"path":"/Users/pavel/Dropbox/Code/Projects/AmberScript/src/components/UI/Button/Button.js","statementMap":{"0":{"start":{"line":6,"column":15},"end":{"line":20,"column":1}},"1":{"start":{"line":7,"column":68},"end":{"line":7,"column":73}},"2":{"start":{"line":8,"column":2},"end":{"line":19,"column":3}},"3":{"start":{"line":22,"column":0},"end":{"line":28,"column":1}},"4":{"start":{"line":30,"column":0},"end":{"line":37,"column":1}}},"fnMap":{"0":{"name":"(anonymous_0)","decl":{"start":{"line":6,"column":15},"end":{"line":6,"column":16}},"loc":{"start":{"line":6,"column":24},"end":{"line":20,"column":1}},"line":6}},"branchMap":{"0":{"loc":{"start":{"line":11,"column":20},"end":{"line":11,"column":56}},"type":"cond-expr","locations":[{"start":{"line":11,"column":29},"end":{"line":11,"column":49}},{"start":{"line":11,"column":52},"end":{"line":11,"column":56}}],"line":11},"1":{"loc":{"start":{"line":12,"column":8},"end":{"line":12,"column":44}},"type":"cond-expr","locations":[{"start":{"line":12,"column":17},"end":{"line":12,"column":37}},{"start":{"line":12,"column":40},"end":{"line":12,"column":44}}],"line":12}},"s":{"0":3,"1":12,"2":12,"3":3,"4":3},"f":{"0":12},"b":{"0":[4,8],"1":[4,8]},"_coverageSchema":"332fd63041d2c1bcb487cc26dd0d5f7d97098a6c","hash":"2006089c203a7909f9329a5fe91ba8c39c5710c5"}
,"/Users/pavel/Dropbox/Code/Projects/AmberScript/src/components/UI/Button/index.js": {"path":"/Users/pavel/Dropbox/Code/Projects/AmberScript/src/components/UI/Button/index.js","statementMap":{},"fnMap":{},"branchMap":{},"s":{},"f":{},"b":{},"_coverageSchema":"332fd63041d2c1bcb487cc26dd0d5f7d97098a6c","hash":"8a982f2401e53c08186f552234bec6745bc07557"}
,"/Users/pavel/Dropbox/Code/Projects/AmberScript/src/components/UI/Spinner/Spinner.js": {"path":"/Users/pavel/Dropbox/Code/Projects/AmberScript/src/components/UI/Spinner/Spinner.js","statementMap":{"0":{"start":{"line":5,"column":16},"end":{"line":12,"column":1}},"1":{"start":{"line":6,"column":2},"end":{"line":11,"column":8}}},"fnMap":{"0":{"name":"(anonymous_0)","decl":{"start":{"line":5,"column":16},"end":{"line":5,"column":17}},"loc":{"start":{"line":6,"column":2},"end":{"line":11,"column":8}},"line":6}},"branchMap":{},"s":{"0":3,"1":2},"f":{"0":2},"b":{},"_coverageSchema":"332fd63041d2c1bcb487cc26dd0d5f7d97098a6c","hash":"9c3f18ee6858ec785985a8297f0d2de29e1c1965"}
,"/Users/pavel/Dropbox/Code/Projects/AmberScript/src/components/UI/Spinner/index.js": {"path":"/Users/pavel/Dropbox/Code/Projects/AmberScript/src/components/UI/Spinner/index.js","statementMap":{},"fnMap":{},"branchMap":{},"s":{},"f":{},"b":{},"_coverageSchema":"332fd63041d2c1bcb487cc26dd0d5f7d97098a6c","hash":"31111ea00641849bba87c95548f98ccfb3cb6e30"}
,"/Users/pavel/Dropbox/Code/Projects/AmberScript/src/components/UI/WaveSurfer/WaveSurfer.js": {"path":"/Users/pavel/Dropbox/Code/Projects/AmberScript/src/components/UI/WaveSurfer/WaveSurfer.js","statementMap":{"0":{"start":{"line":18,"column":34},"end":{"line":18,"column":44}},"1":{"start":{"line":19,"column":23},"end":{"line":28,"column":6}},"2":{"start":{"line":30,"column":4},"end":{"line":30,"column":24}},"3":{"start":{"line":32,"column":4},"end":{"line":36,"column":6}},"4":{"start":{"line":33,"column":6},"end":{"line":35,"column":8}},"5":{"start":{"line":37,"column":4},"end":{"line":39,"column":6}},"6":{"start":{"line":38,"column":6},"end":{"line":38,"column":47}},"7":{"start":{"line":41,"column":4},"end":{"line":43,"column":6}},"8":{"start":{"line":42,"column":6},"end":{"line":42,"column":47}},"9":{"start":{"line":45,"column":4},"end":{"line":47,"column":6}},"10":{"start":{"line":50,"column":4},"end":{"line":50,"column":32}},"11":{"start":{"line":53,"column":4},"end":{"line":53,"column":33}},"12":{"start":{"line":56,"column":4},"end":{"line":56,"column":32}},"13":{"start":{"line":60,"column":27},"end":{"line":60,"column":37}},"14":{"start":{"line":61,"column":4},"end":{"line":63,"column":5}},"15":{"start":{"line":62,"column":6},"end":{"line":62,"column":23}},"16":{"start":{"line":66,"column":24},"end":{"line":66,"column":34}},"17":{"start":{"line":68,"column":6},"end":{"line":70,"column":12}},"18":{"start":{"line":72,"column":4},"end":{"line":88,"column":5}},"19":{"start":{"line":92,"column":0},"end":{"line":95,"column":1}}},"fnMap":{"0":{"name":"(anonymous_0)","decl":{"start":{"line":17,"column":22},"end":{"line":17,"column":23}},"loc":{"start":{"line":17,"column":28},"end":{"line":48,"column":3}},"line":17},"1":{"name":"(anonymous_1)","decl":{"start":{"line":32,"column":27},"end":{"line":32,"column":28}},"loc":{"start":{"line":32,"column":33},"end":{"line":36,"column":5}},"line":32},"2":{"name":"(anonymous_2)","decl":{"start":{"line":37,"column":34},"end":{"line":37,"column":35}},"loc":{"start":{"line":37,"column":40},"end":{"line":39,"column":5}},"line":37},"3":{"name":"(anonymous_3)","decl":{"start":{"line":41,"column":26},"end":{"line":41,"column":27}},"loc":{"start":{"line":41,"column":32},"end":{"line":43,"column":5}},"line":41},"4":{"name":"(anonymous_4)","decl":{"start":{"line":49,"column":24},"end":{"line":49,"column":25}},"loc":{"start":{"line":49,"column":30},"end":{"line":51,"column":3}},"line":49},"5":{"name":"(anonymous_5)","decl":{"start":{"line":52,"column":25},"end":{"line":52,"column":26}},"loc":{"start":{"line":52,"column":31},"end":{"line":54,"column":3}},"line":52},"6":{"name":"(anonymous_6)","decl":{"start":{"line":55,"column":24},"end":{"line":55,"column":25}},"loc":{"start":{"line":55,"column":30},"end":{"line":57,"column":3}},"line":55},"7":{"name":"(anonymous_7)","decl":{"start":{"line":59,"column":25},"end":{"line":59,"column":26}},"loc":{"start":{"line":59,"column":31},"end":{"line":64,"column":3}},"line":59},"8":{"name":"(anonymous_8)","decl":{"start":{"line":65,"column":2},"end":{"line":65,"column":3}},"loc":{"start":{"line":65,"column":11},"end":{"line":89,"column":3}},"line":65}},"branchMap":{"0":{"loc":{"start":{"line":61,"column":4},"end":{"line":63,"column":5}},"type":"if","locations":[{"start":{"line":61,"column":4},"end":{"line":63,"column":5}},{"start":{"line":61,"column":4},"end":{"line":63,"column":5}}],"line":61},"1":{"loc":{"start":{"line":68,"column":22},"end":{"line":68,"column":68}},"type":"cond-expr","locations":[{"start":{"line":68,"column":32},"end":{"line":68,"column":46}},{"start":{"line":68,"column":49},"end":{"line":68,"column":68}}],"line":68},"2":{"loc":{"start":{"line":69,"column":9},"end":{"line":69,"column":37}},"type":"cond-expr","locations":[{"start":{"line":69,"column":19},"end":{"line":69,"column":30}},{"start":{"line":69,"column":33},"end":{"line":69,"column":37}}],"line":69}},"s":{"0":0,"1":0,"2":0,"3":0,"4":0,"5":0,"6":0,"7":0,"8":0,"9":0,"10":0,"11":0,"12":0,"13":0,"14":0,"15":0,"16":0,"17":0,"18":0,"19":2},"f":{"0":0,"1":0,"2":0,"3":0,"4":0,"5":0,"6":0,"7":0,"8":0},"b":{"0":[0,0],"1":[0,0],"2":[0,0]},"_coverageSchema":"332fd63041d2c1bcb487cc26dd0d5f7d97098a6c","hash":"e5ff2fc62ad625afcabb39674045e9dcd20b4129"}
,"/Users/pavel/Dropbox/Code/Projects/AmberScript/src/components/UI/WaveSurfer/index.js": {"path":"/Users/pavel/Dropbox/Code/Projects/AmberScript/src/components/UI/WaveSurfer/index.js","statementMap":{},"fnMap":{},"branchMap":{},"s":{},"f":{},"b":{},"_coverageSchema":"332fd63041d2c1bcb487cc26dd0d5f7d97098a6c","hash":"0ea43d6ed4df3784e860da893f100163e70e1e99"}
,"/Users/pavel/Dropbox/Code/Projects/AmberScript/src/store/constants.js": {"path":"/Users/pavel/Dropbox/Code/Projects/AmberScript/src/store/constants.js","statementMap":{"0":{"start":{"line":1,"column":32},"end":{"line":1,"column":50}},"1":{"start":{"line":2,"column":34},"end":{"line":2,"column":54}},"2":{"start":{"line":3,"column":31},"end":{"line":3,"column":48}}},"fnMap":{},"branchMap":{},"s":{"0":1,"1":1,"2":1},"f":{},"b":{},"_coverageSchema":"332fd63041d2c1bcb487cc26dd0d5f7d97098a6c","hash":"35f40e28c9140d32e3eb2d655e18d007f6936f92"}
,"/Users/pavel/Dropbox/Code/Projects/AmberScript/src/store/reducers/reducer.js": {"path":"/Users/pavel/Dropbox/Code/Projects/AmberScript/src/store/reducers/reducer.js","statementMap":{"0":{"start":{"line":3,"column":21},"end":{"line":7,"column":1}},"1":{"start":{"line":9,"column":20},"end":{"line":25,"column":1}},"2":{"start":{"line":10,"column":2},"end":{"line":24,"column":3}},"3":{"start":{"line":12,"column":6},"end":{"line":12,"column":40}},"4":{"start":{"line":14,"column":6},"end":{"line":19,"column":7}},"5":{"start":{"line":21,"column":6},"end":{"line":21,"column":62}},"6":{"start":{"line":23,"column":6},"end":{"line":23,"column":18}}},"fnMap":{"0":{"name":"(anonymous_0)","decl":{"start":{"line":9,"column":20},"end":{"line":9,"column":21}},"loc":{"start":{"line":9,"column":54},"end":{"line":25,"column":1}},"line":9}},"branchMap":{"0":{"loc":{"start":{"line":9,"column":21},"end":{"line":9,"column":41}},"type":"default-arg","locations":[{"start":{"line":9,"column":29},"end":{"line":9,"column":41}}],"line":9},"1":{"loc":{"start":{"line":10,"column":2},"end":{"line":24,"column":3}},"type":"switch","locations":[{"start":{"line":11,"column":4},"end":{"line":12,"column":40}},{"start":{"line":13,"column":4},"end":{"line":19,"column":7}},{"start":{"line":20,"column":4},"end":{"line":21,"column":62}},{"start":{"line":22,"column":4},"end":{"line":23,"column":18}}],"line":10}},"s":{"0":1,"1":1,"2":1,"3":0,"4":0,"5":0,"6":1},"f":{"0":1},"b":{"0":[1],"1":[0,0,0,1]},"_coverageSchema":"332fd63041d2c1bcb487cc26dd0d5f7d97098a6c","hash":"9c9e5f8f775e47735d6e85aa6ede09512838badf"}
}
