TN:
SF:/Users/pavel/Dropbox/Code/Projects/AmberScript/src/components/index.js
FNF:0
FNH:0
LF:0
LH:0
BRF:0
BRH:0
end_of_record
TN:
SF:/Users/pavel/Dropbox/Code/Projects/AmberScript/src/components/Content/Content.js
FN:16,(anonymous_0)
FN:22,(anonymous_1)
FN:28,(anonymous_2)
FN:34,(anonymous_3)
FNF:4
FNH:1
FNDA:0,(anonymous_0)
FNDA:0,(anonymous_1)
FNDA:0,(anonymous_2)
FNDA:5,(anonymous_3)
DA:17,0
DA:23,0
DA:29,0
DA:30,0
DA:31,0
DA:35,5
DA:36,5
DA:38,5
DA:40,5
DA:45,5
DA:47,0
DA:57,0
DA:59,0
DA:62,5
DA:63,0
DA:66,5
DA:74,2
LF:17
LH:8
BRDA:38,0,0,5
BRDA:38,0,1,0
BRDA:38,0,2,0
BRDA:40,1,0,1
BRDA:40,1,1,4
BRDA:47,2,0,0
BRDA:47,2,1,0
BRDA:62,3,0,0
BRDA:62,3,1,5
BRF:9
BRH:4
end_of_record
TN:
SF:/Users/pavel/Dropbox/Code/Projects/AmberScript/src/components/Content/index.js
FNF:0
FNH:0
LF:0
LH:0
BRF:0
BRH:0
end_of_record
TN:
SF:/Users/pavel/Dropbox/Code/Projects/AmberScript/src/components/Header/Header.js
FN:7,(anonymous_0)
FNF:1
FNH:1
FNDA:2,(anonymous_0)
DA:8,2
LF:1
LH:1
BRF:0
BRH:0
end_of_record
TN:
SF:/Users/pavel/Dropbox/Code/Projects/AmberScript/src/components/Header/index.js
FNF:0
FNH:0
LF:0
LH:0
BRF:0
BRH:0
end_of_record
TN:
SF:/Users/pavel/Dropbox/Code/Projects/AmberScript/src/components/Item/Item.js
FN:13,(anonymous_0)
FN:19,(anonymous_1)
FN:31,(anonymous_2)
FN:36,(anonymous_3)
FN:37,(anonymous_4)
FN:46,(anonymous_5)
FNF:6
FNH:0
FNDA:0,(anonymous_0)
FNDA:0,(anonymous_1)
FNDA:0,(anonymous_2)
FNDA:0,(anonymous_3)
FNDA:0,(anonymous_4)
FNDA:0,(anonymous_5)
DA:14,0
DA:20,0
DA:21,0
DA:22,0
DA:31,0
DA:37,0
DA:38,0
DA:40,0
DA:47,0
DA:79,2
LF:10
LH:1
BRDA:53,0,0,0
BRDA:53,0,1,0
BRF:2
BRH:0
end_of_record
TN:
SF:/Users/pavel/Dropbox/Code/Projects/AmberScript/src/components/Item/index.js
FNF:0
FNH:0
LF:0
LH:0
BRF:0
BRH:0
end_of_record
TN:
SF:/Users/pavel/Dropbox/Code/Projects/AmberScript/src/components/Layout/Layout.js
FN:10,(anonymous_0)
FN:14,(anonymous_1)
FNF:2
FNH:2
FNDA:2,(anonymous_0)
FNDA:2,(anonymous_1)
DA:11,2
DA:15,2
DA:16,2
DA:29,2
LF:4
LH:4
BRF:0
BRH:0
end_of_record
TN:
SF:/Users/pavel/Dropbox/Code/Projects/AmberScript/src/components/Layout/index.js
FNF:0
FNH:0
LF:0
LH:0
BRF:0
BRH:0
end_of_record
TN:
SF:/Users/pavel/Dropbox/Code/Projects/AmberScript/src/components/List/List.js
FN:8,(anonymous_0)
FN:19,(anonymous_1)
FNF:2
FNH:1
FNDA:4,(anonymous_0)
FNDA:0,(anonymous_1)
DA:8,2
DA:9,4
DA:10,4
DA:19,0
DA:27,2
LF:5
LH:4
BRF:0
BRH:0
end_of_record
TN:
SF:/Users/pavel/Dropbox/Code/Projects/AmberScript/src/components/List/index.js
FNF:0
FNH:0
LF:0
LH:0
BRF:0
BRH:0
end_of_record
TN:
SF:/Users/pavel/Dropbox/Code/Projects/AmberScript/src/components/UI/index.js
FNF:0
FNH:0
LF:0
LH:0
BRF:0
BRH:0
end_of_record
TN:
SF:/Users/pavel/Dropbox/Code/Projects/AmberScript/src/components/UI/Button/Button.js
FN:6,(anonymous_0)
FNF:1
FNH:1
FNDA:12,(anonymous_0)
DA:6,3
DA:7,12
DA:8,12
DA:22,3
DA:30,3
LF:5
LH:5
BRDA:11,0,0,4
BRDA:11,0,1,8
BRDA:12,1,0,4
BRDA:12,1,1,8
BRF:4
BRH:4
end_of_record
TN:
SF:/Users/pavel/Dropbox/Code/Projects/AmberScript/src/components/UI/Button/index.js
FNF:0
FNH:0
LF:0
LH:0
BRF:0
BRH:0
end_of_record
TN:
SF:/Users/pavel/Dropbox/Code/Projects/AmberScript/src/components/UI/Spinner/Spinner.js
FN:5,(anonymous_0)
FNF:1
FNH:1
FNDA:2,(anonymous_0)
DA:5,3
DA:6,2
LF:2
LH:2
BRF:0
BRH:0
end_of_record
TN:
SF:/Users/pavel/Dropbox/Code/Projects/AmberScript/src/components/UI/Spinner/index.js
FNF:0
FNH:0
LF:0
LH:0
BRF:0
BRH:0
end_of_record
TN:
SF:/Users/pavel/Dropbox/Code/Projects/AmberScript/src/components/UI/WaveSurfer/WaveSurfer.js
FN:17,(anonymous_0)
FN:32,(anonymous_1)
FN:37,(anonymous_2)
FN:41,(anonymous_3)
FN:49,(anonymous_4)
FN:52,(anonymous_5)
FN:55,(anonymous_6)
FN:59,(anonymous_7)
FN:65,(anonymous_8)
FNF:9
FNH:0
FNDA:0,(anonymous_0)
FNDA:0,(anonymous_1)
FNDA:0,(anonymous_2)
FNDA:0,(anonymous_3)
FNDA:0,(anonymous_4)
FNDA:0,(anonymous_5)
FNDA:0,(anonymous_6)
FNDA:0,(anonymous_7)
FNDA:0,(anonymous_8)
DA:18,0
DA:19,0
DA:30,0
DA:32,0
DA:33,0
DA:37,0
DA:38,0
DA:41,0
DA:42,0
DA:45,0
DA:50,0
DA:53,0
DA:56,0
DA:60,0
DA:61,0
DA:62,0
DA:66,0
DA:68,0
DA:72,0
DA:92,2
LF:20
LH:1
BRDA:61,0,0,0
BRDA:61,0,1,0
BRDA:68,1,0,0
BRDA:68,1,1,0
BRDA:69,2,0,0
BRDA:69,2,1,0
BRF:6
BRH:0
end_of_record
TN:
SF:/Users/pavel/Dropbox/Code/Projects/AmberScript/src/components/UI/WaveSurfer/index.js
FNF:0
FNH:0
LF:0
LH:0
BRF:0
BRH:0
end_of_record
TN:
SF:/Users/pavel/Dropbox/Code/Projects/AmberScript/src/store/constants.js
FNF:0
FNH:0
DA:1,1
DA:2,1
DA:3,1
LF:3
LH:3
BRF:0
BRH:0
end_of_record
TN:
SF:/Users/pavel/Dropbox/Code/Projects/AmberScript/src/store/reducers/reducer.js
FN:9,(anonymous_0)
FNF:1
FNH:1
FNDA:1,(anonymous_0)
DA:3,1
DA:9,1
DA:10,1
DA:12,0
DA:14,0
DA:21,0
DA:23,1
LF:7
LH:4
BRDA:9,0,0,1
BRDA:10,1,0,0
BRDA:10,1,1,0
BRDA:10,1,2,0
BRDA:10,1,3,1
BRF:5
BRH:2
end_of_record
